#
# There is insufficient memory for the Java Runtime Environment to continue.
# Native memory allocation (malloc) failed to allocate 1048576 bytes for AllocateHeap
# Possible reasons:
#   The system is out of physical RAM or swap space
#   The process is running with CompressedOops enabled, and the Java Heap may be blocking the growth of the native heap
# Possible solutions:
#   Reduce memory load on the system
#   Increase physical memory or swap space
#   Check if swap backing store is full
#   Decrease Java heap size (-Xmx/-Xms)
#   Decrease number of Java threads
#   Decrease Java thread stack sizes (-Xss)
#   Set larger code cache with -XX:ReservedCodeCacheSize=
# This output file may be truncated or incomplete.
#
#  Out of Memory Error (./src/hotspot/share/memory/allocation.cpp:46), pid=25416, tid=608
#
# JRE version:  (11.0.12+7) (build )
# Java VM: OpenJDK 64-Bit Server VM (11.0.12+7, mixed mode, sharing, tiered, compressed oops, g1 gc, windows-amd64)
# Core dump will be written. Default location: O:\github\uthealth-dw\greenplum\datawarehouse\QA\hs_err_pid25416.mdmp
#

---------------  S U M M A R Y ------------

Command Line: -XX:+IgnoreUnrecognizedVMOptions --add-modules=ALL-SYSTEM -Dosgi.requiredJavaVersion=11 -Xms64m -Xmx1024m -Djavax.net.ssl.trustStoreType=WINDOWS-ROOT -Ddbeaver.distribution.type=exe 

Host: Intel(R) Xeon(R) Gold 6254 CPU @ 3.10GHz, 8 cores, 31G,  Windows Server 2019 , 64 bit Build 17763 (10.0.17763.2989)
Time: Thu Sep 15 11:12:21 2022 Central Daylight Time elapsed time: 0.459089 seconds (0d 0h 0m 0s)

---------------  T H R E A D  ---------------

Current thread (0x000001eb1c463800):  JavaThread "Unknown thread" [_thread_in_vm, id=608, stack(0x000000d856700000,0x000000d856800000)]

Stack: [0x000000d856700000,0x000000d856800000]
Native frames: (J=compiled Java code, j=interpreted, Vv=VM code, C=native code)
V  [jvm.dll+0x601d0a]
V  [jvm.dll+0x78ab6e]
V  [jvm.dll+0x78c23f]
V  [jvm.dll+0x78c903]
V  [jvm.dll+0x24be68]
V  [jvm.dll+0xb91a4]
V  [jvm.dll+0x2e7e54]
V  [jvm.dll+0x2e1d39]
V  [jvm.dll+0x765ef7]
V  [jvm.dll+0x76767f]
V  [jvm.dll+0x35a309]
V  [jvm.dll+0x748f80]
V  [jvm.dll+0x3c1f3f]
V  [jvm.dll+0x3c4411]
C  [eclipse_11602.dll+0x72e2]
C  [eclipse_11602.dll+0x3f69]
C  [dbeaver.exe+0x1f27]
C  [dbeaver.exe+0x3b74]
C  [KERNEL32.DLL+0x17974]
C  [ntdll.dll+0x5a2f1]


---------------  P R O C E S S  ---------------

Threads class SMR info:
_java_thread_list=0x000001eb1abc3460, length=0, elements={
}

Java Threads: ( => current thread )

Other Threads:
  0x000001eb1c47b800 GCTaskThread "GC Thread#0" [stack: 0x000000d856d00000,0x000000d856e00000] [id=37124]

[error occurred during error reporting (printing all threads), id 0xc0000005, EXCEPTION_ACCESS_VIOLATION (0xc0000005) at pc=0x00007fff4989d430]

VM state:not at safepoint (not fully initialized)

VM Mutex/Monitor currently owned by a thread:  ([mutex/lock_event])
[0x000001eb1c45fd60] Heap_lock - owner thread: 0x000001eb1c463800

Heap address: 0x00000000c0000000, size: 1024 MB, Compressed Oops mode: Non-zero based: 0x00000000c0000000
Narrow klass base: 0x0000000000000000, Narrow klass shift: 0

GC Heap History (0 events):
No events

Deoptimization events (0 events):
No events

Classes redefined (0 events):
No events

Internal exceptions (0 events):
No events

Events (1 events):
Event: 0.339 Loaded shared library C:\Program Files\DBeaver\jre\bin\zip.dll


Dynamic libraries:
0x00007ff739620000 - 0x00007ff7396a4000 	C:\Program Files\DBeaver\dbeaver.exe
0x00007fffa3660000 - 0x00007fffa384e000 	C:\Windows\SYSTEM32\ntdll.dll
0x00007fffa2cb0000 - 0x00007fffa2d63000 	C:\Windows\System32\KERNEL32.DLL
0x00007fff9fa70000 - 0x00007fff9fd0a000 	C:\Windows\System32\KERNELBASE.dll
0x00007fffa29a0000 - 0x00007fffa2b37000 	C:\Windows\System32\USER32.dll
0x00007fff9f920000 - 0x00007fff9f940000 	C:\Windows\System32\win32u.dll
0x00007fffa0ca0000 - 0x00007fffa0cc9000 	C:\Windows\System32\GDI32.dll
0x00007fffa0490000 - 0x00007fffa062c000 	C:\Windows\System32\gdi32full.dll
0x00007fff9f9d0000 - 0x00007fff9fa70000 	C:\Windows\System32\msvcp_win.dll
0x00007fffa06e0000 - 0x00007fffa07da000 	C:\Windows\System32\ucrtbase.dll
0x00007fff922f0000 - 0x00007fff92569000 	C:\Windows\WinSxS\amd64_microsoft.windows.common-controls_6595b64144ccf1df_6.0.17763.3165_none_de7375f653495041\COMCTL32.dll
0x00007fffa3290000 - 0x00007fffa332e000 	C:\Windows\System32\msvcrt.dll
0x00007fffa2670000 - 0x00007fffa299b000 	C:\Windows\System32\combase.dll
0x00007fffa0b80000 - 0x00007fffa0c9d000 	C:\Windows\System32\RPCRT4.dll
0x00007fff9f940000 - 0x00007fff9f9c2000 	C:\Windows\System32\bcryptPrimitives.dll
0x00007fffa3550000 - 0x00007fffa357e000 	C:\Windows\System32\IMM32.DLL
0x00007fff70bf0000 - 0x00007fff70c2e000 	C:\Program Files\DBeaver\plugins\org.eclipse.equinox.launcher.win32.win32.x86_64_1.2.400.v20211117-0650\eclipse_11602.dll
0x00007fffa23d0000 - 0x00007fffa2477000 	C:\Windows\System32\ADVAPI32.dll
0x00007fffa2560000 - 0x00007fffa25ff000 	C:\Windows\System32\sechost.dll
0x00007fff989c0000 - 0x00007fff989ca000 	C:\Windows\SYSTEM32\VERSION.dll
0x00007fffa2b50000 - 0x00007fffa2ca6000 	C:\Windows\System32\ole32.dll
0x00007fff495b0000 - 0x00007fff4a109000 	C:\Program Files\DBeaver\jre\bin\server\jvm.dll
0x00007fff97a50000 - 0x00007fff97a74000 	C:\Windows\SYSTEM32\WINMM.dll
0x00007fff97370000 - 0x00007fff9739d000 	C:\Windows\SYSTEM32\WINMMBASE.dll
0x00007fffa0690000 - 0x00007fffa06da000 	C:\Windows\System32\cfgmgr32.dll
0x00007fffa2480000 - 0x00007fffa2488000 	C:\Windows\System32\PSAPI.DLL
0x00007fff95f00000 - 0x00007fff95f09000 	C:\Windows\SYSTEM32\WSOCK32.dll
0x00007fff97940000 - 0x00007fff9795b000 	C:\Windows\SYSTEM32\VCRUNTIME140.dll
0x00007fffa0d30000 - 0x00007fffa0d9d000 	C:\Windows\System32\WS2_32.dll
0x00007fff81e10000 - 0x00007fff81e20000 	C:\Program Files\DBeaver\jre\bin\verify.dll
0x00007fff9ac90000 - 0x00007fff9ae7d000 	C:\Windows\SYSTEM32\DBGHELP.DLL
0x00007fff9a890000 - 0x00007fff9a8ba000 	C:\Windows\SYSTEM32\dbgcore.DLL
0x00007fff717c0000 - 0x00007fff717e8000 	C:\Program Files\DBeaver\jre\bin\java.dll
0x00007fff81200000 - 0x00007fff8120a000 	C:\Program Files\DBeaver\jre\bin\jimage.dll
0x00007fff70bd0000 - 0x00007fff70be7000 	C:\Program Files\DBeaver\jre\bin\zip.dll
0x00007fff9f630000 - 0x00007fff9f641000 	C:\Windows\System32\kernel.appcore.dll

dbghelp: loaded successfully - version: 4.0.5 - missing functions: none
symbol engine: initialized successfully - sym options: 0x614 - pdb path: .;C:\Program Files\DBeaver;C:\Windows\SYSTEM32;C:\Windows\WinSxS\amd64_microsoft.windows.common-controls_6595b64144ccf1df_6.0.17763.3165_none_de7375f653495041;C:\Program Files\DBeaver\plugins\org.eclipse.equinox.launcher.win32.win32.x86_64_1.2.400.v20211117-0650;C:\Program Files\DBeaver\jre\bin\server;C:\Program Files\DBeaver\jre\bin

VM Arguments:
jvm_args: -XX:+IgnoreUnrecognizedVMOptions --add-modules=ALL-SYSTEM -Dosgi.requiredJavaVersion=11 -Xms64m -Xmx1024m -Djavax.net.ssl.trustStoreType=WINDOWS-ROOT -Ddbeaver.distribution.type=exe 
java_command: <unknown>
java_class_path (initial): C:\Program Files\DBeaver\\plugins/org.eclipse.equinox.launcher_1.6.400.v20210924-0641.jar
Launcher Type: generic

[Global flags]
     intx CICompilerCount                          = 4                                         {product} {ergonomic}
     uint ConcGCThreads                            = 2                                         {product} {ergonomic}
     uint G1ConcRefinementThreads                  = 8                                         {product} {ergonomic}
   size_t G1HeapRegionSize                         = 1048576                                   {product} {ergonomic}
    uintx GCDrainStackTargetSize                   = 64                                        {product} {ergonomic}
     bool IgnoreUnrecognizedVMOptions              = true                                      {product} {command line}
   size_t InitialHeapSize                          = 67108864                                  {product} {command line}
   size_t MarkStackSize                            = 4194304                                   {product} {ergonomic}
   size_t MaxHeapSize                              = 1073741824                                {product} {command line}
   size_t MinHeapDeltaBytes                        = 1048576                                   {product} {ergonomic}
    uintx NonNMethodCodeHeapSize                   = 5836300                                {pd product} {ergonomic}
    uintx NonProfiledCodeHeapSize                  = 122910970                              {pd product} {ergonomic}
    uintx ProfiledCodeHeapSize                     = 122910970                              {pd product} {ergonomic}
    uintx ReservedCodeCacheSize                    = 251658240                              {pd product} {ergonomic}
     bool SegmentedCodeCache                       = true                                      {product} {ergonomic}
     bool UseCompressedClassPointers               = true                                 {lp64_product} {ergonomic}
     bool UseCompressedOops                        = true                                 {lp64_product} {ergonomic}
     bool UseG1GC                                  = true                                      {product} {ergonomic}
     bool UseLargePagesIndividualAllocation        = false                                  {pd product} {ergonomic}

Logging:
Log output configuration:
 #0: stdout all=warning uptime,level,tags
 #1: stderr all=off uptime,level,tags

Environment Variables:
PATH=C:\Program Files\PostgreSQL\14\bin;C:\Windows\system32;C:\Windows;C:\Windows\System32\Wbem;C:\Windows\System32\WindowsPowerShell\v1.0\;C:\Windows\System32\OpenSSH\;C:\Program Files (x86)\Microsoft SQL Server\150\DTS\Binn\;C:\Program Files\Azure Data Studio\bin;C:\Program Files\Microsoft VS Code\bin;;\Docker\resources\bin;C:\ProgramData\DockerDesktop\version-bin;C:\Program Files\Docker;C:\Program Files\SASHome\SASFoundation\9.4\core\sasexe;C:\Program Files\SASHome\SASFoundation\9.4\ets\sasexe;C:\Program Files\SASHome\Secure\ccme4;C:\Program Files\SASHome\x86\Secure\ccme4;C:\Program Files\Greenplum\greenplum-clients\bin;C:\Program Files\Greenplum\greenplum-clients\lib;C:\Program Files\Progress\DataDirect\Connect64_for_ODBC_71\drivers;C:\Program Files\Progress\DataDirect\Connect64_for_ODBC_71\jre\bin;C:\Program Files\Progress\DataDirect\Connect64_for_ODBC_71\jre\bin\server;C:\Users\jwozny\AppData\Local\Microsoft\WindowsApps;C:\Program Files\PostgreSQL\14\bin;C:\ProgramData\jwozny\atom\bin;C:\Users\jwozny\AppData\Local\atom\bin;C:\Users\jwozny\AppData\Roaming\TinyTeX\bin\win32
USERNAME=jwozny
OS=Windows_NT
PROCESSOR_IDENTIFIER=Intel64 Family 6 Model 85 Stepping 0, GenuineIntel



---------------  S Y S T E M  ---------------

OS: Windows Server 2019 , 64 bit Build 17763 (10.0.17763.2989)
OS uptime: 25 days 2:53 hours
VMWare virtualization detected

CPU:total 8 (initial active 8) (8 cores per cpu, 1 threads per core) family 6 model 85 stepping 0 microcode 0x5003103, cmov, cx8, fxsr, mmx, sse, sse2, sse3, ssse3, sse4.1, sse4.2, popcnt, avx, avx2, aes, clmul, erms, 3dnowpref, lzcnt, tsc, tscinvbit, bmi1, bmi2, adx, fma

Memory: 4k page, system-wide physical 32766M (322M free)
TotalPageFile size 71089M (AvailPageFile size 5M)
current process WorkingSet (physical memory assigned to process): 10M, peak: 10M
current process commit charge ("private bytes"): 51M, peak: 52M

vm_info: OpenJDK 64-Bit Server VM (11.0.12+7) for windows-amd64 JRE (11.0.12+7), built on Jul 21 2021 16:23:49 by "" with unknown MS VC++:1916

END.
